-------------------------------------------------------------------------------
Test set: in.amazon.testscripts.TestRunner
-------------------------------------------------------------------------------
Tests run: 1, Failures: 1, Errors: 0, Skipped: 0, Time elapsed: 0.442 s <<< FAILURE! - in in.amazon.testscripts.TestRunner
setUpClass(in.amazon.testscripts.TestRunner)  Time elapsed: 0.319 s  <<< FAILURE!
java.lang.IllegalArgumentException: path must exist: C:\Users\Ruchi\eclipse-workspace\AmazonWithCucumber\Features\buy_mobile_phone.feature

