<?xml version="1.0" encoding="UTF-8"?>
<testng-results ignored="0" total="1" passed="1" failed="0" skipped="0">
  <reporter-output>
  </reporter-output>
  <suite started-at="2023-03-28T19:00:41 IST" name="Default suite" finished-at="2023-03-28T19:00:43 IST" duration-ms="1938">
    <groups>
    </groups>
    <test started-at="2023-03-28T19:00:41 IST" name="Default test" finished-at="2023-03-28T19:00:43 IST" duration-ms="1938">
      <class name="com.MedicareRestAssuredTestScripts.GETCategory2_ProdutcsTest">
        <test-method signature="verifyProducts()[pri:0, instance:com.MedicareRestAssuredTestScripts.GETCategory2_ProdutcsTest@131ef10]" started-at="2023-03-28T19:00:42 IST" name="verifyProducts" finished-at="2023-03-28T19:00:43 IST" duration-ms="1876" status="PASS">
          <reporter-output>
          </reporter-output>
        </test-method> <!-- verifyProducts -->
      </class> <!-- com.MedicareRestAssuredTestScripts.GETCategory2_ProdutcsTest -->
    </test> <!-- Default test -->
  </suite> <!-- Default suite -->
</testng-results>
