<?xml version="1.0" encoding="UTF-8"?>
<testng-results ignored="0" total="1" passed="1" failed="0" skipped="0">
  <reporter-output>
  </reporter-output>
  <suite started-at="2023-01-31T18:53:05 IST" name="Default suite" finished-at="2023-01-31T18:53:10 IST" duration-ms="5051">
    <groups>
    </groups>
    <test started-at="2023-01-31T18:53:05 IST" name="Default test" finished-at="2023-01-31T18:53:10 IST" duration-ms="5051">
      <class name="com.flipkart.testscripts.Driver">
        <test-method signature="init()[pri:0, instance:com.flipkart.testscripts.Driver@4fb61f4a]" started-at="2023-01-31T18:53:05 IST" name="init" finished-at="2023-01-31T18:53:10 IST" duration-ms="4998" status="PASS">
          <reporter-output>
          </reporter-output>
        </test-method> <!-- init -->
      </class> <!-- com.flipkart.testscripts.Driver -->
    </test> <!-- Default test -->
  </suite> <!-- Default suite -->
</testng-results>
