<?xml version="1.0" encoding="UTF-8"?>
<testng-results ignored="0" total="1" passed="1" failed="0" skipped="0">
  <reporter-output>
  </reporter-output>
  <suite started-at="2023-03-23T20:00:36 IST" name="Default suite" finished-at="2023-03-23T20:00:51 IST" duration-ms="15552">
    <groups>
    </groups>
    <test started-at="2023-03-23T20:00:36 IST" name="Default test" finished-at="2023-03-23T20:00:51 IST" duration-ms="15552">
      <class name="com.medicare.testscripts.Driver">
        <test-method signature="init()[pri:0, instance:com.medicare.testscripts.Driver@4fb61f4a]" started-at="2023-03-23T20:00:36 IST" name="init" finished-at="2023-03-23T20:00:51 IST" duration-ms="15497" status="PASS">
          <reporter-output>
          </reporter-output>
        </test-method> <!-- init -->
      </class> <!-- com.medicare.testscripts.Driver -->
    </test> <!-- Default test -->
  </suite> <!-- Default suite -->
</testng-results>
