<?xml version="1.0" encoding="UTF-8"?>
<!-- Generated by org.testng.reporters.JUnitXMLReporter -->
<testsuite ignored="0" hostname="DESKTOP-G8HSDBH" failures="0" tests="0" name="Test" time="0.29" errors="0" timestamp="2023-03-22T18:36:35 IST">
  <testcase classname="io.cucumber.testng.AbstractTestNGCucumberTests" name="@BeforeClass setUpClass" time="0.231">
    <failure type="io.cucumber.core.gherkin.FeatureParserException" message="Failed to parse resource at: file:///C:/Users/Ruchi/eclipse-workspace/MedicareWithCucumber/Features/fill_SignUp_form.feature
(1:1): expected: #EOF, #Language, #TagLine, #FeatureLine, #Comment, #Empty, got &amp;apos;Features: Fill SighUp form on Medicare Website&amp;apos;
(4:1): expected: #TagLine, #FeatureLine, #Comment, #Empty, got &amp;apos;Scenario: A user is able to fill sign up form and successfully able to register&amp;apos;
(5:1): expected: #TagLine, #FeatureLine, #Comment, #Empty, got &amp;apos;Given A user is on the landing Page&amp;apos;
(6:1): expected: #TagLine, #FeatureLine, #Comment, #Empty, got &amp;apos;And  he clicks on the SignUp link&amp;apos;
(7:1): expected: #TagLine, #FeatureLine, #Comment, #Empty, got &amp;apos;And he enters first name in the first name text box&amp;apos;
(8:1): expected: #TagLine, #FeatureLine, #Comment, #Empty, got &amp;apos;And he enters last name in the last name text box&amp;apos;
(9:1): expected: #TagLine, #FeatureLine, #Comment, #Empty, got &amp;apos;And he enters email in the email text box&amp;apos;
(10:1): expected: #TagLine, #FeatureLine, #Comment, #Empty, got &amp;apos;And he enters contact number in the contact number text box&amp;apos;
(11:1): expected: #TagLine, #FeatureLine, #Comment, #Empty, got &amp;apos;And he enters password in the password text box&amp;apos;
(12:1): expected: #TagLine, #FeatureLine, #Comment, #Empty, got &amp;apos;And he reenters password in the  confirm password text box&amp;apos;
(13:1): expected: #TagLine, #FeatureLine, #Comment, #Empty, got &amp;apos;Then he clicks on the next billing button&amp;apos;">
      <![CDATA[io.cucumber.core.gherkin.FeatureParserException: Failed to parse resource at: file:///C:/Users/Ruchi/eclipse-workspace/MedicareWithCucumber/Features/fill_SignUp_form.feature
(1:1): expected: #EOF, #Language, #TagLine, #FeatureLine, #Comment, #Empty, got 'Features: Fill SighUp form on Medicare Website'
(4:1): expected: #TagLine, #FeatureLine, #Comment, #Empty, got 'Scenario: A user is able to fill sign up form and successfully able to register'
(5:1): expected: #TagLine, #FeatureLine, #Comment, #Empty, got 'Given A user is on the landing Page'
(6:1): expected: #TagLine, #FeatureLine, #Comment, #Empty, got 'And  he clicks on the SignUp link'
(7:1): expected: #TagLine, #FeatureLine, #Comment, #Empty, got 'And he enters first name in the first name text box'
(8:1): expected: #TagLine, #FeatureLine, #Comment, #Empty, got 'And he enters last name in the last name text box'
(9:1): expected: #TagLine, #FeatureLine, #Comment, #Empty, got 'And he enters email in the email text box'
(10:1): expected: #TagLine, #FeatureLine, #Comment, #Empty, got 'And he enters contact number in the contact number text box'
(11:1): expected: #TagLine, #FeatureLine, #Comment, #Empty, got 'And he enters password in the password text box'
(12:1): expected: #TagLine, #FeatureLine, #Comment, #Empty, got 'And he reenters password in the  confirm password text box'
(13:1): expected: #TagLine, #FeatureLine, #Comment, #Empty, got 'Then he clicks on the next billing button'
at io.cucumber.core.gherkin.messages.GherkinMessagesFeatureParser.parse(GherkinMessagesFeatureParser.java:53)
at io.cucumber.core.feature.FeatureParser.parseResource(FeatureParser.java:45)
at java.base/java.util.function.BiFunction.lambda$andThen$0(BiFunction.java:70)
at io.cucumber.core.resource.ResourceScanner.lambda$processResource$1(ResourceScanner.java:79)
at io.cucumber.core.resource.PathScanner$ResourceFileVisitor.visitFile(PathScanner.java:75)
at io.cucumber.core.resource.PathScanner$ResourceFileVisitor.visitFile(PathScanner.java:60)
at java.base/java.nio.file.Files.walkFileTree(Files.java:2812)
at io.cucumber.core.resource.PathScanner.findResourcesForPath(PathScanner.java:53)
at io.cucumber.core.resource.PathScanner.findResourcesForUri(PathScanner.java:31)
at io.cucumber.core.resource.ResourceScanner.findResourcesForUri(ResourceScanner.java:61)
at io.cucumber.core.resource.ResourceScanner.scanForResourcesUri(ResourceScanner.java:134)
at io.cucumber.core.runtime.FeaturePathFeatureSupplier.loadFeatures(FeaturePathFeatureSupplier.java:62)
at io.cucumber.core.runtime.FeaturePathFeatureSupplier.get(FeaturePathFeatureSupplier.java:45)
at io.cucumber.testng.TestNGCucumberRunner.<init>(TestNGCucumberRunner.java:122)
at io.cucumber.testng.AbstractTestNGCucumberTests.setUpClass(AbstractTestNGCucumberTests.java:27)
at java.base/java.util.ArrayList.forEach(ArrayList.java:1511)
... Removed 23 stack frames]]>
    </failure>
  </testcase> <!-- @BeforeClass setUpClass -->
</testsuite> <!-- Test -->
