<?xml version="1.0" encoding="UTF-8"?>
<testng-results ignored="0" total="1" passed="1" failed="0" skipped="0">
  <reporter-output>
  </reporter-output>
  <suite started-at="2023-02-02T18:04:42 IST" name="Default suite" finished-at="2023-02-02T18:04:55 IST" duration-ms="13513">
    <groups>
    </groups>
    <test started-at="2023-02-02T18:04:42 IST" name="Default test" finished-at="2023-02-02T18:04:55 IST" duration-ms="13513">
      <class name="com.simplilearn.testscripts.buySimplilearnCoursesSteps">
        <test-method signature="init()[pri:0, instance:com.simplilearn.testscripts.buySimplilearnCoursesSteps@6ae5aa72]" started-at="2023-02-02T18:04:42 IST" name="init" finished-at="2023-02-02T18:04:55 IST" duration-ms="13455" status="PASS">
          <reporter-output>
          </reporter-output>
        </test-method> <!-- init -->
      </class> <!-- com.simplilearn.testscripts.buySimplilearnCoursesSteps -->
    </test> <!-- Default test -->
  </suite> <!-- Default suite -->
</testng-results>
