<?xml version="1.0" encoding="UTF-8"?>
<testng-results ignored="0" total="1" passed="1" failed="0" skipped="0">
  <reporter-output>
  </reporter-output>
  <suite started-at="2023-03-28T19:03:06 IST" name="Default suite" finished-at="2023-03-28T19:03:24 IST" duration-ms="18126">
    <groups>
    </groups>
    <test started-at="2023-03-28T19:03:06 IST" name="Default test" finished-at="2023-03-28T19:03:24 IST" duration-ms="18126">
      <class name="CapstoneProject1TestSteps.SignUpPageTestSteps">
        <test-method signature="lauchApp()[pri:0, instance:CapstoneProject1TestSteps.SignUpPageTestSteps@247bddad]" started-at="2023-03-28T19:03:06 IST" name="lauchApp" finished-at="2023-03-28T19:03:24 IST" duration-ms="18060" status="PASS">
          <reporter-output>
          </reporter-output>
        </test-method> <!-- lauchApp -->
        <test-method is-config="true" signature="tearDown()[pri:0, instance:CapstoneProject1TestSteps.SignUpPageTestSteps@247bddad]" started-at="2023-03-28T19:03:24 IST" name="tearDown" finished-at="2023-03-28T19:03:24 IST" duration-ms="6" status="FAIL">
          <exception class="java.lang.NullPointerException">
            <message>
              <![CDATA[Cannot invoke "org.openqa.selenium.WebDriver.quit()" because "this.driver" is null]]>
            </message>
            <full-stacktrace>
              <![CDATA[java.lang.NullPointerException: Cannot invoke "org.openqa.selenium.WebDriver.quit()" because "this.driver" is null
at CapstoneProject1TestSteps.SignUpPageTestSteps.tearDown(SignUpPageTestSteps.java:69)
at java.base/jdk.internal.reflect.DirectMethodHandleAccessor.invoke(DirectMethodHandleAccessor.java:104)
at java.base/java.lang.reflect.Method.invoke(Method.java:577)
at org.testng.internal.MethodInvocationHelper.invokeMethod(MethodInvocationHelper.java:133)
at org.testng.internal.MethodInvocationHelper.invokeMethodConsideringTimeout(MethodInvocationHelper.java:62)
at org.testng.internal.ConfigInvoker.invokeConfigurationMethod(ConfigInvoker.java:385)
at org.testng.internal.ConfigInvoker.invokeConfigurations(ConfigInvoker.java:321)
at org.testng.TestRunner.invokeTestConfigurations(TestRunner.java:637)
at org.testng.TestRunner.afterRun(TestRunner.java:877)
at org.testng.TestRunner.run(TestRunner.java:599)
at org.testng.SuiteRunner.runTest(SuiteRunner.java:377)
at org.testng.SuiteRunner.runSequentially(SuiteRunner.java:371)
at org.testng.SuiteRunner.privateRun(SuiteRunner.java:332)
at org.testng.SuiteRunner.run(SuiteRunner.java:276)
at org.testng.SuiteRunnerWorker.runSuite(SuiteRunnerWorker.java:53)
at org.testng.SuiteRunnerWorker.run(SuiteRunnerWorker.java:96)
at org.testng.TestNG.runSuitesSequentially(TestNG.java:1212)
at org.testng.TestNG.runSuitesLocally(TestNG.java:1134)
at org.testng.TestNG.runSuites(TestNG.java:1063)
at org.testng.TestNG.run(TestNG.java:1031)
at org.testng.remote.AbstractRemoteTestNG.run(AbstractRemoteTestNG.java:115)
at org.testng.remote.RemoteTestNG.initAndRun(RemoteTestNG.java:251)
at org.testng.remote.RemoteTestNG.main(RemoteTestNG.java:77)
]]>
            </full-stacktrace>
          </exception> <!-- java.lang.NullPointerException -->
          <reporter-output>
          </reporter-output>
        </test-method> <!-- tearDown -->
      </class> <!-- CapstoneProject1TestSteps.SignUpPageTestSteps -->
    </test> <!-- Default test -->
  </suite> <!-- Default suite -->
</testng-results>
