<?xml version="1.0" encoding="UTF-8"?>
<testng-results ignored="0" total="1" passed="1" failed="0" skipped="0">
  <reporter-output>
  </reporter-output>
  <suite started-at="2022-12-29T17:49:47 IST" name="Default suite" finished-at="2022-12-29T17:49:58 IST" duration-ms="11510">
    <groups>
    </groups>
    <test started-at="2022-12-29T17:49:47 IST" name="Default test" finished-at="2022-12-29T17:49:58 IST" duration-ms="11510">
      <class name="in.SwiggyApp.Testscripts.BookVaccinationTest">
        <test-method is-config="true" signature="launchApplication()[pri:0, instance:in.SwiggyApp.Testscripts.BookVaccinationTest@48f2bd5b]" started-at="2022-12-29T17:49:47 IST" name="launchApplication" finished-at="2022-12-29T17:49:54 IST" duration-ms="6886" status="PASS">
          <reporter-output>
          </reporter-output>
        </test-method> <!-- launchApplication -->
        <test-method signature="BookVaccinationTest()[pri:0, instance:in.SwiggyApp.Testscripts.BookVaccinationTest@48f2bd5b]" started-at="2022-12-29T17:49:54 IST" name="BookVaccinationTest" finished-at="2022-12-29T17:49:58 IST" duration-ms="4321" status="PASS">
          <reporter-output>
          </reporter-output>
        </test-method> <!-- BookVaccinationTest -->
        <test-method is-config="true" signature="closeBrowser()[pri:0, instance:in.SwiggyApp.Testscripts.BookVaccinationTest@48f2bd5b]" started-at="2022-12-29T17:49:58 IST" name="closeBrowser" finished-at="2022-12-29T17:49:58 IST" duration-ms="246" status="PASS">
          <reporter-output>
          </reporter-output>
        </test-method> <!-- closeBrowser -->
      </class> <!-- in.SwiggyApp.Testscripts.BookVaccinationTest -->
    </test> <!-- Default test -->
  </suite> <!-- Default suite -->
</testng-results>
